{"level":"info","message":"getting trades for ftm","timestamp":"2024-07-26 12:29:43"}
{"level":"info","message":"getting trades for ftm","timestamp":"2024-07-26 12:29:43"}
{"level":"info","message":"getting trades for ftm","timestamp":"2024-07-26 12:29:44"}
{"level":"info","message":"initiating profile","timestamp":"2024-07-26 15:22:18"}
{"level":"info","message":"initiating profile","timestamp":"2024-07-26 15:22:18"}
{"level":"info","message":"getting trades for ftm","timestamp":"2024-07-26 15:22:18","tokenAddress":"0x5c34016c396fF07A2DC59e4443578FA05B3645D2"}
{"level":"info","message":"getting token info ftm","timestamp":"2024-07-26 15:22:18"}
{"level":"info","message":"getting threads data","timestamp":"2024-07-26 15:22:18"}
{"level":"info","message":"threads data found","timestamp":"2024-07-26 15:22:19"}
{"level":"info","message":"user profile already exists ","timestamp":"2024-07-26 15:22:19"}
{"level":"info","message":"token info found","timestamp":"2024-07-26 15:22:19"}
{"level":"info","message":"user profile already exists ","timestamp":"2024-07-26 15:22:19"}
{"level":"info","message":"getting threads data","timestamp":"2024-07-26 15:22:20"}
{"level":"info","message":"initiating profile","timestamp":"2024-07-26 15:22:20"}
{"level":"info","message":"getting trades for ftm","timestamp":"2024-07-26 15:22:20","tokenAddress":"0x5c34016c396fF07A2DC59e4443578FA05B3645D2"}
{"level":"info","message":"threads data found","timestamp":"2024-07-26 15:22:20"}
{"level":"info","message":"user profile already exists ","timestamp":"2024-07-26 15:22:20"}
{"level":"info","message":"getting token info ftm","timestamp":"2024-07-26 15:22:21"}
{"level":"info","message":"getting threads data","timestamp":"2024-07-26 15:22:21"}
{"level":"info","message":"getting pending transactions ftm","timestamp":"2024-07-26 15:22:21","token_address":"0x5c34016c396fF07A2DC59e4443578FA05B3645D2"}
{"level":"info","message":"getting trades for ftm","timestamp":"2024-07-26 15:22:21","tokenAddress":"0x5c34016c396fF07A2DC59e4443578FA05B3645D2"}
{"level":"info","message":"fetching top holders info ftm","timestamp":"2024-07-26 15:22:21"}
{"level":"info","message":"threads data found","timestamp":"2024-07-26 15:22:22"}
{"level":"info","message":"token info found","timestamp":"2024-07-26 15:22:22"}
{"level":"info","message":"getting threads data","timestamp":"2024-07-26 15:22:22"}
{"level":"info","message":"threads data found","timestamp":"2024-07-26 15:22:22"}
{"level":"info","message":"getting ohlc data ftm","timestamp":"2024-07-26 15:22:22","token_address":"0x5c34016c396fF07A2DC59e4443578FA05B3645D2"}
{"level":"info","message":"fetching top holders info ftm","timestamp":"2024-07-26 15:22:22"}
{"level":"info","message":"initiating profile","timestamp":"2024-07-26 15:22:24"}
{"level":"info","message":"initiating profile","timestamp":"2024-07-26 15:22:24"}
{"level":"info","message":"getting top token","timestamp":"2024-07-26 15:22:24"}
{"level":"info","message":"user profile already exists ","timestamp":"2024-07-26 15:22:25"}
{"level":"info","message":"user profile already exists ","timestamp":"2024-07-26 15:22:25"}
{"level":"info","message":"initiating profile","timestamp":"2024-07-26 15:22:26"}
{"id":"0x372173ca23790098F17f376F59858a086Cae9Fb0","level":"info","message":"fetching coins created by user","timestamp":"2024-07-26 15:22:27"}
{"id":"0x372173ca23790098F17f376F59858a086Cae9Fb0","level":"info","message":"getting user profile","timestamp":"2024-07-26 15:22:27"}
{"followee":"0x372173ca23790098F17f376F59858a086Cae9Fb0","follower":"0x372173ca23790098F17f376F59858a086Cae9Fb0","level":"info","message":"get following status","timestamp":"2024-07-26 15:22:27"}
{"id":"0x372173ca23790098F17f376F59858a086Cae9Fb0","level":"info","message":"getting follower/wee list","timestamp":"2024-07-26 15:22:27"}
{"id":"0x372173ca23790098F17f376F59858a086Cae9Fb0","level":"info","message":"getting coins held by user","timestamp":"2024-07-26 15:22:27"}
{"level":"info","message":"user profile already exists ","timestamp":"2024-07-26 15:22:27"}
{"level":"info","message":"user profile found","timestamp":"2024-07-26 15:22:27"}
{"level":"info","message":"user is not following","timestamp":"2024-07-26 15:22:27"}
{"id":"0x372173ca23790098F17f376F59858a086Cae9Fb0","level":"info","message":"getting coins held by user","timestamp":"2024-07-26 15:38:17"}
{"id":"0x372173ca23790098F17f376F59858a086Cae9Fb0","level":"info","message":"fetching coins created by user","timestamp":"2024-07-26 15:38:17"}
{"id":"0x372173ca23790098F17f376F59858a086Cae9Fb0","level":"info","message":"getting user profile","timestamp":"2024-07-26 15:38:17"}
{"followee":"0x372173ca23790098F17f376F59858a086Cae9Fb0","follower":"undefined","level":"info","message":"get following status","timestamp":"2024-07-26 15:38:17"}
{"id":"0x372173ca23790098F17f376F59858a086Cae9Fb0","level":"info","message":"getting follower/wee list","timestamp":"2024-07-26 15:38:17"}
{"level":"info","message":"initiating profile","timestamp":"2024-07-26 15:38:17"}
{"level":"info","message":"user profile found","timestamp":"2024-07-26 15:38:18"}
{"level":"info","message":"user is not following","timestamp":"2024-07-26 15:38:18"}
{"level":"info","message":"initiating profile","timestamp":"2024-07-26 15:38:18"}
{"level":"info","message":"user profile already exists ","timestamp":"2024-07-26 15:38:18"}
{"level":"info","message":"user profile already exists ","timestamp":"2024-07-26 15:38:18"}
{"level":"info","message":"initiating profile","timestamp":"2024-07-26 15:38:18"}
{"level":"info","message":"user profile already exists ","timestamp":"2024-07-26 15:38:19"}
{"id":"0x372173ca23790098F17f376F59858a086Cae9Fb0","level":"info","message":"fetching coins created by user","timestamp":"2024-07-26 15:39:20"}
{"id":"0x372173ca23790098F17f376F59858a086Cae9Fb0","level":"info","message":"getting user profile","timestamp":"2024-07-26 15:39:20"}
{"followee":"0x372173ca23790098F17f376F59858a086Cae9Fb0","follower":"0x372173ca23790098F17f376F59858a086Cae9Fb0","level":"info","message":"get following status","timestamp":"2024-07-26 15:39:20"}
{"id":"0x372173ca23790098F17f376F59858a086Cae9Fb0","level":"info","message":"getting follower/wee list","timestamp":"2024-07-26 15:39:20"}
{"id":"0x372173ca23790098F17f376F59858a086Cae9Fb0","level":"info","message":"getting coins held by user","timestamp":"2024-07-26 15:39:20"}
{"level":"info","message":"user profile found","timestamp":"2024-07-26 15:39:21"}
{"level":"info","message":"user is not following","timestamp":"2024-07-26 15:39:21"}
{"level":"info","message":"initiating profile","timestamp":"2024-07-26 15:39:23"}
{"id":"0x372173ca23790098F17f376F59858a086Cae9Fb0","level":"info","message":"getting coins held by user","timestamp":"2024-07-26 15:39:23"}
{"id":"0x372173ca23790098F17f376F59858a086Cae9Fb0","level":"info","message":"fetching coins created by user","timestamp":"2024-07-26 15:39:23"}
{"id":"0x372173ca23790098F17f376F59858a086Cae9Fb0","level":"info","message":"getting user profile","timestamp":"2024-07-26 15:39:23"}
{"followee":"0x372173ca23790098F17f376F59858a086Cae9Fb0","follower":"undefined","level":"info","message":"get following status","timestamp":"2024-07-26 15:39:23"}
{"id":"0x372173ca23790098F17f376F59858a086Cae9Fb0","level":"info","message":"getting follower/wee list","timestamp":"2024-07-26 15:39:23"}
{"level":"info","message":"user profile already exists ","timestamp":"2024-07-26 15:39:23"}
{"level":"info","message":"initiating profile","timestamp":"2024-07-26 15:39:23"}
{"level":"info","message":"user is not following","timestamp":"2024-07-26 15:39:23"}
{"level":"info","message":"user profile found","timestamp":"2024-07-26 15:39:23"}
{"level":"info","message":"user profile already exists ","timestamp":"2024-07-26 15:39:23"}
{"level":"info","message":"initiating profile","timestamp":"2024-07-26 15:39:23"}
{"level":"info","message":"user profile already exists ","timestamp":"2024-07-26 15:39:24"}
{"id":"0x372173ca23790098F17f376F59858a086Cae9Fb0","level":"info","message":"getting coins held by user","timestamp":"2024-07-26 15:39:38"}
{"id":"0x372173ca23790098F17f376F59858a086Cae9Fb0","level":"info","message":"fetching coins created by user","timestamp":"2024-07-26 15:39:38"}
{"id":"0x372173ca23790098F17f376F59858a086Cae9Fb0","level":"info","message":"getting user profile","timestamp":"2024-07-26 15:39:38"}
{"followee":"0x372173ca23790098F17f376F59858a086Cae9Fb0","follower":"0x372173ca23790098F17f376F59858a086Cae9Fb0","level":"info","message":"get following status","timestamp":"2024-07-26 15:39:38"}
{"id":"0x372173ca23790098F17f376F59858a086Cae9Fb0","level":"info","message":"getting follower/wee list","timestamp":"2024-07-26 15:39:38"}
{"level":"info","message":"user profile found","timestamp":"2024-07-26 15:39:39"}
{"level":"info","message":"user is not following","timestamp":"2024-07-26 15:39:39"}
{"id":"0x372173ca23790098F17f376F59858a086Cae9Fb0","level":"info","message":"fetching coins created by user","timestamp":"2024-07-26 15:41:09"}
{"id":"0x372173ca23790098F17f376F59858a086Cae9Fb0","level":"info","message":"getting user profile","timestamp":"2024-07-26 15:41:09"}
{"followee":"0x372173ca23790098F17f376F59858a086Cae9Fb0","follower":"0x372173ca23790098F17f376F59858a086Cae9Fb0","level":"info","message":"get following status","timestamp":"2024-07-26 15:41:09"}
{"id":"0x372173ca23790098F17f376F59858a086Cae9Fb0","level":"info","message":"getting follower/wee list","timestamp":"2024-07-26 15:41:09"}
{"id":"0x372173ca23790098F17f376F59858a086Cae9Fb0","level":"info","message":"getting coins held by user","timestamp":"2024-07-26 15:41:09"}
{"level":"info","message":"user profile found","timestamp":"2024-07-26 15:41:09"}
{"level":"info","message":"user is not following","timestamp":"2024-07-26 15:41:09"}
{"level":"info","message":"initiating profile","timestamp":"2024-07-26 15:41:18"}
{"level":"info","message":"initiating profile","timestamp":"2024-07-26 15:41:18"}
{"level":"info","message":"getting top token","timestamp":"2024-07-26 15:41:18"}
{"level":"info","message":"user profile already exists ","timestamp":"2024-07-26 15:41:19"}
{"level":"info","message":"user profile already exists ","timestamp":"2024-07-26 15:41:19"}
{"level":"info","message":"initiating profile","timestamp":"2024-07-26 15:41:19"}
{"level":"info","message":"user profile already exists ","timestamp":"2024-07-26 15:41:19"}
{"level":"info","message":"getting threads data","timestamp":"2024-07-26 15:41:23"}
{"level":"info","message":"getting token info ftm","timestamp":"2024-07-26 15:41:23"}
{"level":"info","message":"getting trades for ftm","timestamp":"2024-07-26 15:41:23","tokenAddress":"0x5c34016c396fF07A2DC59e4443578FA05B3645D2"}
{"level":"info","message":"threads data found","timestamp":"2024-07-26 15:41:24"}
{"level":"info","message":"getting threads data","timestamp":"2024-07-26 15:41:24"}
{"level":"info","message":"token info found","timestamp":"2024-07-26 15:41:24"}
{"level":"info","message":"getting token info ftm","timestamp":"2024-07-26 15:41:24"}
{"level":"info","message":"getting trades for ftm","timestamp":"2024-07-26 15:41:24","tokenAddress":"0x5c34016c396fF07A2DC59e4443578FA05B3645D2"}
{"level":"info","message":"threads data found","timestamp":"2024-07-26 15:41:24"}
{"level":"info","message":"token info found","timestamp":"2024-07-26 15:41:24"}
{"level":"info","message":"getting threads data","timestamp":"2024-07-26 15:41:25"}
{"level":"info","message":"getting pending transactions ftm","timestamp":"2024-07-26 15:41:25","token_address":"0x5c34016c396fF07A2DC59e4443578FA05B3645D2"}
{"level":"info","message":"getting ohlc data ftm","timestamp":"2024-07-26 15:41:25","token_address":"0x5c34016c396fF07A2DC59e4443578FA05B3645D2"}
{"level":"info","message":"getting trades for ftm","timestamp":"2024-07-26 15:41:25","tokenAddress":"0x5c34016c396fF07A2DC59e4443578FA05B3645D2"}
{"level":"info","message":"fetching top holders info ftm","timestamp":"2024-07-26 15:41:25"}
{"level":"info","message":"threads data found","timestamp":"2024-07-26 15:41:26"}
{"level":"info","message":"getting threads data","timestamp":"2024-07-26 15:41:26"}
{"level":"info","message":"getting ohlc data ftm","timestamp":"2024-07-26 15:41:26","token_address":"0x5c34016c396fF07A2DC59e4443578FA05B3645D2"}
{"level":"info","message":"threads data found","timestamp":"2024-07-26 15:41:26"}
{"level":"info","message":"fetching top holders info ftm","timestamp":"2024-07-26 15:41:26"}
{"level":"info","message":"getting ohlc data ftm","timestamp":"2024-07-26 15:41:26","token_address":"0x5c34016c396fF07A2DC59e4443578FA05B3645D2"}
{"level":"info","message":"fetching top holders info ftm","timestamp":"2024-07-26 15:41:26"}
{"level":"info","message":"getting ohlc data ftm","timestamp":"2024-07-26 15:41:26","token_address":"0x5c34016c396fF07A2DC59e4443578FA05B3645D2"}
{"level":"info","message":"getting ohlc data ftm","timestamp":"2024-07-26 15:41:26","token_address":"0x5c34016c396fF07A2DC59e4443578FA05B3645D2"}
{"level":"info","message":"getting ohlc data ftm","timestamp":"2024-07-26 15:41:26","token_address":"0x5c34016c396fF07A2DC59e4443578FA05B3645D2"}
{"level":"info","message":"getting ohlc data ftm","timestamp":"2024-07-26 15:41:27","token_address":"0x5c34016c396fF07A2DC59e4443578FA05B3645D2"}
{"level":"info","message":"getting ohlc data ftm","timestamp":"2024-07-26 15:41:27","token_address":"0x5c34016c396fF07A2DC59e4443578FA05B3645D2"}
{"level":"info","message":"getting ohlc data ftm","timestamp":"2024-07-26 15:41:27","token_address":"0x5c34016c396fF07A2DC59e4443578FA05B3645D2"}
{"level":"info","message":"getting top token","timestamp":"2024-07-26 15:42:26"}
{"level":"info","message":"initiating profile","timestamp":"2024-07-26 15:42:28"}
{"level":"info","message":"user profile already exists ","timestamp":"2024-07-26 15:42:28"}
{"level":"info","message":"initiating profile","timestamp":"2024-07-26 15:42:29"}
{"id":"0x372173ca23790098F17f376F59858a086Cae9Fb0","level":"info","message":"getting coins held by user","timestamp":"2024-07-26 15:42:29"}
{"id":"0x372173ca23790098F17f376F59858a086Cae9Fb0","level":"info","message":"getting user profile","timestamp":"2024-07-26 15:42:29"}
{"followee":"0x372173ca23790098F17f376F59858a086Cae9Fb0","follower":"undefined","level":"info","message":"get following status","timestamp":"2024-07-26 15:42:29"}
{"id":"0x372173ca23790098F17f376F59858a086Cae9Fb0","level":"info","message":"getting follower/wee list","timestamp":"2024-07-26 15:42:29"}
{"id":"0x372173ca23790098F17f376F59858a086Cae9Fb0","level":"info","message":"fetching coins created by user","timestamp":"2024-07-26 15:42:29"}
{"level":"info","message":"user profile already exists ","timestamp":"2024-07-26 15:42:30"}
{"level":"info","message":"initiating profile","timestamp":"2024-07-26 15:42:30"}
{"level":"info","message":"user profile found","timestamp":"2024-07-26 15:42:30"}
{"level":"info","message":"user is not following","timestamp":"2024-07-26 15:42:30"}
{"level":"info","message":"user profile already exists ","timestamp":"2024-07-26 15:42:31"}
{"level":"info","message":"initiating profile","timestamp":"2024-07-26 16:01:35"}
{"level":"info","message":"initiating profile","timestamp":"2024-07-26 16:01:35"}
{"level":"info","message":"getting trades for ftm","timestamp":"2024-07-26 16:01:35","tokenAddress":"0x5c34016c396fF07A2DC59e4443578FA05B3645D2"}
{"level":"info","message":"getting threads data","timestamp":"2024-07-26 16:01:35"}
{"level":"info","message":"getting token info ftm","timestamp":"2024-07-26 16:01:35"}
{"level":"info","message":"threads data found","timestamp":"2024-07-26 16:01:36"}
{"level":"info","message":"token info found","timestamp":"2024-07-26 16:01:36"}
{"level":"info","message":"user profile already exists ","timestamp":"2024-07-26 16:01:36"}
{"level":"info","message":"user profile already exists ","timestamp":"2024-07-26 16:01:36"}
{"level":"info","message":"getting threads data","timestamp":"2024-07-26 16:01:36"}
{"level":"info","message":"initiating profile","timestamp":"2024-07-26 16:01:36"}
{"level":"info","message":"getting trades for ftm","timestamp":"2024-07-26 16:01:36","tokenAddress":"0x5c34016c396fF07A2DC59e4443578FA05B3645D2"}
{"level":"info","message":"threads data found","timestamp":"2024-07-26 16:01:37"}
{"level":"info","message":"user profile already exists ","timestamp":"2024-07-26 16:01:37"}
{"level":"info","message":"getting pending transactions ftm","timestamp":"2024-07-26 16:01:37","token_address":"0x5c34016c396fF07A2DC59e4443578FA05B3645D2"}
{"level":"info","message":"getting threads data","timestamp":"2024-07-26 16:01:37"}
{"level":"info","message":"getting trades for ftm","timestamp":"2024-07-26 16:01:37","tokenAddress":"0x5c34016c396fF07A2DC59e4443578FA05B3645D2"}
{"level":"info","message":"fetching top holders info ftm","timestamp":"2024-07-26 16:01:37"}
{"level":"info","message":"getting token info ftm","timestamp":"2024-07-26 16:01:38"}
{"level":"info","message":"threads data found","timestamp":"2024-07-26 16:01:38"}
{"level":"info","message":"getting threads data","timestamp":"2024-07-26 16:01:38"}
{"level":"info","message":"fetching top holders info ftm","timestamp":"2024-07-26 16:01:38"}
{"level":"info","message":"fetching top holders info ftm","timestamp":"2024-07-26 16:01:38"}
{"level":"info","message":"token info found","timestamp":"2024-07-26 16:01:38"}
{"level":"info","message":"threads data found","timestamp":"2024-07-26 16:01:39"}
{"level":"info","message":"getting ohlc data ftm","timestamp":"2024-07-26 16:01:40","token_address":"0x5c34016c396fF07A2DC59e4443578FA05B3645D2"}
{"level":"info","message":"getting ohlc data ftm","timestamp":"2024-07-26 16:01:41","token_address":"0x5c34016c396fF07A2DC59e4443578FA05B3645D2"}
{"level":"info","message":"getting ohlc data ftm","timestamp":"2024-07-26 16:01:42","token_address":"0x5c34016c396fF07A2DC59e4443578FA05B3645D2"}
{"level":"info","message":"getting ohlc data ftm","timestamp":"2024-07-26 16:01:43","token_address":"0x5c34016c396fF07A2DC59e4443578FA05B3645D2"}
{"level":"info","message":"getting ohlc data ftm","timestamp":"2024-07-26 16:01:44","token_address":"0x5c34016c396fF07A2DC59e4443578FA05B3645D2"}
{"level":"info","message":"getting ohlc data ftm","timestamp":"2024-07-26 16:01:45","token_address":"0x5c34016c396fF07A2DC59e4443578FA05B3645D2"}
{"level":"info","message":"getting ohlc data ftm","timestamp":"2024-07-26 16:01:46","token_address":"0x5c34016c396fF07A2DC59e4443578FA05B3645D2"}
{"level":"info","message":"getting ohlc data ftm","timestamp":"2024-07-26 16:01:47","token_address":"0x5c34016c396fF07A2DC59e4443578FA05B3645D2"}
{"level":"info","message":"getting ohlc data ftm","timestamp":"2024-07-26 16:01:48","token_address":"0x5c34016c396fF07A2DC59e4443578FA05B3645D2"}
{"level":"info","message":"initiating profile","timestamp":"2024-07-26 16:03:23"}
{"level":"info","message":"getting trades for ftm","timestamp":"2024-07-26 16:03:23","tokenAddress":"0x5c34016c396fF07A2DC59e4443578FA05B3645D2"}
{"level":"info","message":"getting threads data","timestamp":"2024-07-26 16:03:23"}
{"level":"info","message":"getting token info ftm","timestamp":"2024-07-26 16:03:23"}
{"level":"info","message":"initiating profile","timestamp":"2024-07-26 16:03:23"}
{"level":"info","message":"user profile already exists ","timestamp":"2024-07-26 16:03:24"}
{"level":"info","message":"threads data found","timestamp":"2024-07-26 16:03:24"}
{"level":"info","message":"user profile already exists ","timestamp":"2024-07-26 16:03:24"}
{"level":"info","message":"token info found","timestamp":"2024-07-26 16:03:24"}
{"level":"info","message":"getting threads data","timestamp":"2024-07-26 16:03:24"}
{"level":"info","message":"getting trades for ftm","timestamp":"2024-07-26 16:03:24","tokenAddress":"0x5c34016c396fF07A2DC59e4443578FA05B3645D2"}
{"level":"info","message":"initiating profile","timestamp":"2024-07-26 16:03:24"}
{"level":"info","message":"fetching top holders info ftm","timestamp":"2024-07-26 16:03:24"}
{"level":"info","message":"getting pending transactions ftm","timestamp":"2024-07-26 16:03:24","token_address":"0x5c34016c396fF07A2DC59e4443578FA05B3645D2"}
{"level":"info","message":"threads data found","timestamp":"2024-07-26 16:03:24"}
{"level":"info","message":"getting threads data","timestamp":"2024-07-26 16:03:24"}
{"level":"info","message":"user profile already exists ","timestamp":"2024-07-26 16:03:24"}
{"level":"info","message":"getting trades for ftm","timestamp":"2024-07-26 16:03:24","tokenAddress":"0x5c34016c396fF07A2DC59e4443578FA05B3645D2"}
{"level":"info","message":"fetching top holders info ftm","timestamp":"2024-07-26 16:03:24"}
{"level":"info","message":"threads data found","timestamp":"2024-07-26 16:03:24"}
{"level":"info","message":"getting threads data","timestamp":"2024-07-26 16:03:24"}
{"level":"info","message":"threads data found","timestamp":"2024-07-26 16:03:24"}
{"level":"info","message":"getting token info ftm","timestamp":"2024-07-26 16:03:24"}
{"level":"info","message":"fetching top holders info ftm","timestamp":"2024-07-26 16:03:24"}
{"level":"info","message":"token info found","timestamp":"2024-07-26 16:03:24"}
{"level":"info","message":"getting ohlc data ftm","timestamp":"2024-07-26 16:03:24","token_address":"0x5c34016c396fF07A2DC59e4443578FA05B3645D2"}
{"level":"info","message":"getting ohlc data ftm","timestamp":"2024-07-26 16:03:24","token_address":"0x5c34016c396fF07A2DC59e4443578FA05B3645D2"}
{"level":"info","message":"getting ohlc data ftm","timestamp":"2024-07-26 16:03:25","token_address":"0x5c34016c396fF07A2DC59e4443578FA05B3645D2"}
{"level":"info","message":"getting ohlc data ftm","timestamp":"2024-07-26 16:03:25","token_address":"0x5c34016c396fF07A2DC59e4443578FA05B3645D2"}
{"level":"info","message":"getting ohlc data ftm","timestamp":"2024-07-26 16:03:25","token_address":"0x5c34016c396fF07A2DC59e4443578FA05B3645D2"}
{"level":"info","message":"getting ohlc data ftm","timestamp":"2024-07-26 16:03:25","token_address":"0x5c34016c396fF07A2DC59e4443578FA05B3645D2"}
{"level":"info","message":"getting ohlc data ftm","timestamp":"2024-07-26 16:03:25","token_address":"0x5c34016c396fF07A2DC59e4443578FA05B3645D2"}
{"level":"info","message":"getting ohlc data ftm","timestamp":"2024-07-26 16:03:25","token_address":"0x5c34016c396fF07A2DC59e4443578FA05B3645D2"}
{"level":"info","message":"getting ohlc data ftm","timestamp":"2024-07-26 16:03:26","token_address":"0x5c34016c396fF07A2DC59e4443578FA05B3645D2"}
{"level":"info","message":"initiating profile","timestamp":"2024-07-26 21:05:25"}
{"level":"info","message":"initiating profile","timestamp":"2024-07-26 21:05:25"}
{"level":"info","message":"user profile already exists ","timestamp":"2024-07-26 21:05:26"}
{"level":"info","message":"user profile already exists ","timestamp":"2024-07-26 21:05:26"}
{"level":"info","message":"initiating profile","timestamp":"2024-07-26 21:05:26"}
{"level":"info","message":"user profile already exists ","timestamp":"2024-07-26 21:05:26"}
{"level":"info","message":"initiating profile","timestamp":"2024-07-26 21:10:22"}
{"level":"info","message":"initiating profile","timestamp":"2024-07-26 21:10:22"}
{"level":"info","message":"user profile already exists ","timestamp":"2024-07-26 21:10:23"}
{"level":"info","message":"user profile already exists ","timestamp":"2024-07-26 21:10:23"}
{"level":"info","message":"initiating profile","timestamp":"2024-07-26 21:10:23"}
{"level":"info","message":"user profile already exists ","timestamp":"2024-07-26 21:10:23"}
{"level":"info","message":"initiating profile","timestamp":"2024-07-26 21:14:09"}
{"level":"info","message":"initiating profile","timestamp":"2024-07-26 21:14:09"}
{"level":"info","message":"user profile already exists ","timestamp":"2024-07-26 21:14:10"}
{"level":"info","message":"user profile already exists ","timestamp":"2024-07-26 21:14:10"}
{"level":"info","message":"initiating profile","timestamp":"2024-07-26 21:14:10"}
{"level":"info","message":"user profile already exists ","timestamp":"2024-07-26 21:14:10"}
{"level":"info","message":"initiating profile","timestamp":"2024-07-26 21:14:13"}
{"level":"info","message":"initiating profile","timestamp":"2024-07-26 21:14:13"}
{"level":"info","message":"user profile already exists ","timestamp":"2024-07-26 21:14:13"}
{"level":"info","message":"user profile already exists ","timestamp":"2024-07-26 21:14:13"}
{"level":"info","message":"initiating profile","timestamp":"2024-07-26 21:14:13"}
{"level":"info","message":"user profile already exists ","timestamp":"2024-07-26 21:14:13"}
{"level":"info","message":"initiating profile","timestamp":"2024-07-26 21:14:20"}
{"level":"info","message":"user profile already exists ","timestamp":"2024-07-26 21:14:20"}
{"level":"info","message":"initiating profile","timestamp":"2024-07-26 21:14:23"}
{"level":"info","message":"user profile already exists ","timestamp":"2024-07-26 21:14:23"}
{"level":"info","message":"initiating profile","timestamp":"2024-07-26 21:14:23"}
{"level":"info","message":"user profile already exists ","timestamp":"2024-07-26 21:14:23"}
{"level":"info","message":"initiating profile","timestamp":"2024-07-26 21:25:08"}
{"level":"info","message":"initiating profile","timestamp":"2024-07-26 21:25:08"}
{"level":"info","message":"user profile already exists ","timestamp":"2024-07-26 21:25:09"}
{"level":"info","message":"user profile already exists ","timestamp":"2024-07-26 21:25:09"}
{"level":"info","message":"initiating profile","timestamp":"2024-07-26 21:25:10"}
{"level":"info","message":"user profile already exists ","timestamp":"2024-07-26 21:25:11"}
{"level":"info","message":"initiating profile","timestamp":"2024-07-26 21:29:42"}
{"level":"info","message":"initiating profile","timestamp":"2024-07-26 21:29:42"}
{"level":"info","message":"initiating profile","timestamp":"2024-07-26 21:29:42"}
{"level":"info","message":"user profile already exists ","timestamp":"2024-07-26 21:29:43"}
{"level":"info","message":"user profile already exists ","timestamp":"2024-07-26 21:29:43"}
{"level":"info","message":"user profile already exists ","timestamp":"2024-07-26 21:29:43"}
{"level":"info","message":"initiating profile","timestamp":"2024-07-26 21:31:56"}
{"level":"info","message":"initiating profile","timestamp":"2024-07-26 21:31:56"}
{"level":"info","message":"user profile already exists ","timestamp":"2024-07-26 21:31:57"}
{"level":"info","message":"user profile already exists ","timestamp":"2024-07-26 21:31:57"}
{"level":"info","message":"initiating profile","timestamp":"2024-07-26 21:31:57"}
{"level":"info","message":"user profile already exists ","timestamp":"2024-07-26 21:31:57"}
